[2018-04-17 08:21:38] my_logger.INFO: My logger is now ready [] []
[2018-04-17 08:22:31] my_logger.INFO: My logger is now ready [] []
[2018-04-17 08:22:31] my_logger.DEBUG: debug info [] []
[2018-04-17 08:26:09] my_logger.INFO: My logger is now ready [] []
[2018-04-17 08:26:09] my_logger.DEBUG: debug info [] []
[2018-04-17 08:27:06] my_logger.INFO: My logger is now ready [] []
[2018-04-17 08:27:06] my_logger.DEBUG: debug info [] []
[2018-04-17 08:33:23] my_logger.INFO: this is info [] []
[2018-04-17 08:34:16] my_logger.DEBUG: this is debug [] []
[2018-04-17 08:54:38] my_logger.DEBUG: this is demo [] []
[2018-04-17 09:05:54] my_logger.DEBUG: this is demo [] []
[2018-04-17 09:06:29] daohang.INFO: this is framework start [] []
[2018-04-17 09:06:29] my_logger.DEBUG: this is demo [] []
[2018-04-17 09:07:01] daohang.INFO: this is framework start [] []
[2018-04-17 09:28:11] daohang.INFO: indeo lk [] []
[2018-04-17 10:07:15] daohang.INFO: this is test demo [] []
[2018-04-17 10:11:27] daohang.INFO: this is test demo [] []
[2018-04-17 10:16:38] daohang.INFO: this is test demo [] []
[2018-04-17 18:17:39] daohang.INFO: this is test demo [] []
[2018-04-17 18:17:55] daohang.INFO: this is test demo [] []
